[    0.000000] Linux version 4.15.0-142-generic (buildd@lgw01-amd64-036) (gcc version 7.5.0 (Ubuntu 7.5.0-3ubuntu1~18.04)) #146-Ubuntu SMP Tue Apr 13 01:11:19 UTC 2021 (Ubuntu 4.15.0-142.146-generic 4.15.18)
[    0.000000] Command line: BOOT_IMAGE=/boot/vmlinuz-4.15.0-142-generic root=LABEL=cloudimg-rootfs ro console=tty1 console=ttyS0
[    0.000000] KERNEL supported cpus:
[    0.000000]   Intel GenuineIntel
[    0.000000]   AMD AuthenticAMD
[    0.000000]   Centaur CentaurHauls
[    0.000000] x86/fpu: Supporting XSAVE feature 0x001: 'x87 floating point registers'
[    0.000000] x86/fpu: Supporting XSAVE feature 0x002: 'SSE registers'
[    0.000000] x86/fpu: Supporting XSAVE feature 0x004: 'AVX registers'
[    0.000000] x86/fpu: xstate_offset[2]:  576, xstate_sizes[2]:  256
[    0.000000] x86/fpu: Enabled xstate features 0x7, context size is 832 bytes, using 'standard' format.
[    0.000000] e820: BIOS-provided physical RAM map:
[    0.000000] BIOS-e820: [mem 0x0000000000000000-0x000000000009fbff] usable
[    0.000000] BIOS-e820: [mem 0x000000000009fc00-0x000000000009ffff] reserved
[    0.000000] BIOS-e820: [mem 0x00000000000f0000-0x00000000000fffff] reserved
[    0.000000] BIOS-e820: [mem 0x0000000000100000-0x000000003ffeffff] usable
[    0.000000] BIOS-e820: [mem 0x000000003fff0000-0x000000003fffffff] ACPI data
[    0.000000] BIOS-e820: [mem 0x00000000fec00000-0x00000000fec00fff] reserved
[    0.000000] BIOS-e820: [mem 0x00000000fee00000-0x00000000fee00fff] reserved
[    0.000000] BIOS-e820: [mem 0x00000000fffc0000-0x00000000ffffffff] reserved
[    0.000000] NX (Execute Disable) protection: active
[    0.000000] SMBIOS 2.5 present.
[    0.000000] DMI: innotek GmbH VirtualBox/VirtualBox, BIOS VirtualBox 12/01/2006
[    0.000000] Hypervisor detected: KVM
[    0.000000] e820: last_pfn = 0x3fff0 max_arch_pfn = 0x400000000
[    0.000000] MTRR: Disabled
[    0.000000] x86/PAT: MTRRs disabled, skipping PAT initialization too.
[    0.000000] CPU MTRRs all blank - virtualized system.
[    0.000000] x86/PAT: Configuration [0-7]: WB  WT  UC- UC  WB  WT  UC- UC  
[    0.000000] found SMP MP-table at [mem 0x0009fff0-0x0009ffff]
[    0.000000] Scanning 1 areas for low memory corruption
[    0.000000] RAMDISK: [mem 0x359cf000-0x36cdefff]
[    0.000000] ACPI: Early table checksum verification disabled
[    0.000000] ACPI: RSDP 0x00000000000E0000 000024 (v02 VBOX  )
[    0.000000] ACPI: XSDT 0x000000003FFF0030 00003C (v01 VBOX   VBOXXSDT 00000001 ASL  00000061)
[    0.000000] ACPI: FACP 0x000000003FFF00F0 0000F4 (v04 VBOX   VBOXFACP 00000001 ASL  00000061)
[    0.000000] ACPI: DSDT 0x000000003FFF0470 002325 (v02 VBOX   VBOXBIOS 00000002 INTL 20100528)
[    0.000000] ACPI: FACS 0x000000003FFF0200 000040
[    0.000000] ACPI: FACS 0x000000003FFF0200 000040
[    0.000000] ACPI: APIC 0x000000003FFF0240 000054 (v02 VBOX   VBOXAPIC 00000001 ASL  00000061)
[    0.000000] ACPI: SSDT 0x000000003FFF02A0 0001CC (v01 VBOX   VBOXCPUT 00000002 INTL 20100528)
[    0.000000] No NUMA configuration found
[    0.000000] Faking a node at [mem 0x0000000000000000-0x000000003ffeffff]
[    0.000000] NODE_DATA(0) allocated [mem 0x3ffc5000-0x3ffeffff]
[    0.000000] kvm-clock: cpu 0, msr 0:3ff44001, primary cpu clock
[    0.000000] kvm-clock: Using msrs 4b564d01 and 4b564d00
[    0.000000] kvm-clock: using sched offset of 8728641467 cycles
[    0.000000] clocksource: kvm-clock: mask: 0xffffffffffffffff max_cycles: 0x1cd42e4dffb, max_idle_ns: 881590591483 ns
[    0.000000] Zone ranges:
[    0.000000]   DMA      [mem 0x0000000000001000-0x0000000000ffffff]
[    0.000000]   DMA32    [mem 0x0000000001000000-0x000000003ffeffff]
[    0.000000]   Normal   empty
[    0.000000]   Device   empty
[    0.000000] Movable zone start for each node
[    0.000000] Early memory node ranges
[    0.000000]   node   0: [mem 0x0000000000001000-0x000000000009efff]
[    0.000000]   node   0: [mem 0x0000000000100000-0x000000003ffeffff]
[    0.000000] Reserved but unavailable: 98 pages
[    0.000000] Initmem setup node 0 [mem 0x0000000000001000-0x000000003ffeffff]
[    0.000000] ACPI: PM-Timer IO Port: 0x4008
[    0.000000] IOAPIC[0]: apic_id 1, version 32, address 0xfec00000, GSI 0-23
[    0.000000] ACPI: INT_SRC_OVR (bus 0 bus_irq 0 global_irq 2 dfl dfl)
[    0.000000] ACPI: INT_SRC_OVR (bus 0 bus_irq 9 global_irq 9 low level)
[    0.000000] Using ACPI (MADT) for SMP configuration information
[    0.000000] smpboot: Allowing 1 CPUs, 0 hotplug CPUs
[    0.000000] PM: Registered nosave memory: [mem 0x00000000-0x00000fff]
[    0.000000] PM: Registered nosave memory: [mem 0x0009f000-0x0009ffff]
[    0.000000] PM: Registered nosave memory: [mem 0x000a0000-0x000effff]
[    0.000000] PM: Registered nosave memory: [mem 0x000f0000-0x000fffff]
[    0.000000] e820: [mem 0x40000000-0xfebfffff] available for PCI devices
[    0.000000] Booting paravirtualized kernel on KVM
[    0.000000] clocksource: refined-jiffies: mask: 0xffffffff max_cycles: 0xffffffff, max_idle_ns: 7645519600211568 ns
[    0.000000] random: get_random_bytes called from start_kernel+0x99/0x500 with crng_init=0
[    0.000000] setup_percpu: NR_CPUS:8192 nr_cpumask_bits:1 nr_cpu_ids:1 nr_node_ids:1
[    0.000000] percpu: Embedded 45 pages/cpu s147456 r8192 d28672 u2097152
[    0.000000] PV qspinlock hash table entries: 256 (order: 0, 4096 bytes)
[    0.000000] Built 1 zonelists, mobility grouping on.  Total pages: 257913
[    0.000000] Policy zone: DMA32
[    0.000000] Kernel command line: BOOT_IMAGE=/boot/vmlinuz-4.15.0-142-generic root=LABEL=cloudimg-rootfs ro console=tty1 console=ttyS0
[    0.000000] Memory: 982900K/1048120K available (12300K kernel code, 2483K rwdata, 4316K rodata, 2444K init, 2724K bss, 65220K reserved, 0K cma-reserved)
[    0.000000] SLUB: HWalign=64, Order=0-3, MinObjects=0, CPUs=1, Nodes=1
[    0.000000] Kernel/User page tables isolation: enabled
[    0.000000] ftrace: allocating 39434 entries in 155 pages
[    0.004000] Hierarchical RCU implementation.
[    0.004000] 	RCU restricting CPUs from NR_CPUS=8192 to nr_cpu_ids=1.
[    0.004000] 	Tasks RCU enabled.
[    0.004000] RCU: Adjusting geometry for rcu_fanout_leaf=16, nr_cpu_ids=1
[    0.004000] NR_IRQS: 524544, nr_irqs: 256, preallocated irqs: 16
[    0.004000] Console: colour VGA+ 80x25
[    0.004000] console [tty1] enabled
[    0.004000] console [ttyS0] enabled
[    0.004000] ACPI: Core revision 20170831
[    0.004000] ACPI: 2 ACPI AML tables successfully acquired and loaded
[    0.004000] APIC: Switch to symmetric I/O mode setup
[    0.005281] x2apic enabled
[    0.008024] Switched APIC routing to physical x2apic.
[    0.016000] ..TIMER: vector=0x30 apic1=0 pin1=2 apic2=-1 pin2=-1
[    0.016019] tsc: Detected 1696.075 MHz processor
[    0.020038] Calibrating delay loop (skipped) preset value.. 3392.15 BogoMIPS (lpj=6784300)
[    0.024021] pid_max: default: 32768 minimum: 301
[    0.028152] Security Framework initialized
[    0.032021] Yama: becoming mindful.
[    0.036114] AppArmor: AppArmor initialized
[    0.048212] Dentry cache hash table entries: 131072 (order: 8, 1048576 bytes)
[    0.052243] Inode-cache hash table entries: 65536 (order: 7, 524288 bytes)
[    0.056075] Mount-cache hash table entries: 2048 (order: 2, 16384 bytes)
[    0.060027] Mountpoint-cache hash table entries: 2048 (order: 2, 16384 bytes)
[    0.069328] process: using mwait in idle threads
[    0.072040] Last level iTLB entries: 4KB 1024, 2MB 1024, 4MB 1024
[    0.076024] Last level dTLB entries: 4KB 1024, 2MB 1024, 4MB 1024, 1GB 4
[    0.080019] Spectre V1 : Mitigation: usercopy/swapgs barriers and __user pointer sanitization
[    0.084046] Spectre V2 : Mitigation: Full generic retpoline
[    0.088010] Spectre V2 : Spectre v2 / SpectreRSB mitigation: Filling RSB on context switch
[    0.092016] Speculative Store Bypass: Vulnerable
[    0.096185] SRBDS: Unknown: Dependent on hypervisor status
[    0.100019] MDS: Mitigation: Clear CPU buffers
[    0.174450] Freeing SMP alternatives memory: 36K
[    0.292763] smpboot: CPU0: Intel(R) Core(TM) i5-4210U CPU @ 1.70GHz (family: 0x6, model: 0x45, stepping: 0x1)
[    0.296233] Performance Events: unsupported p6 CPU model 69 no PMU driver, software events only.
[    0.300122] Hierarchical SRCU implementation.
[    0.309820] NMI watchdog: Perf event create on CPU 0 failed with -2
[    0.312011] NMI watchdog: Perf NMI watchdog permanently disabled
[    0.316152] smp: Bringing up secondary CPUs ...
[    0.320019] smp: Brought up 1 node, 1 CPU
[    0.324013] smpboot: Max logical packages: 1
[    0.328014] smpboot: Total of 1 processors activated (3392.15 BogoMIPS)
[    0.332765] devtmpfs: initialized
[    0.336167] x86/mm: Memory block size: 128MB
[    0.340419] evm: security.selinux
[    0.342489] evm: security.SMACK64
[    0.344023] evm: security.SMACK64EXEC
[    0.348018] evm: security.SMACK64TRANSMUTE
[    0.352010] evm: security.SMACK64MMAP
[    0.356011] evm: security.apparmor
[    0.358626] evm: security.ima
[    0.360013] evm: security.capability
[    0.364375] clocksource: jiffies: mask: 0xffffffff max_cycles: 0xffffffff, max_idle_ns: 7645041785100000 ns
[    0.368042] futex hash table entries: 256 (order: 2, 16384 bytes)
[    0.372509] pinctrl core: initialized pinctrl subsystem
[    0.376340] RTC time: 13:26:44, date: 04/23/21
[    0.380442] NET: Registered protocol family 16
[    0.384221] audit: initializing netlink subsys (disabled)
[    0.392047] audit: type=2000 audit(1619184413.360:1): state=initialized audit_enabled=0 res=1
[    0.396339] cpuidle: using governor ladder
[    0.400034] cpuidle: using governor menu
[    0.402676] ACPI: bus type PCI registered
[    0.404018] acpiphp: ACPI Hot Plug PCI Controller Driver version: 0.5
[    0.408100] PCI: Using configuration type 1 for base access
[    0.419087] HugeTLB registered 2.00 MiB page size, pre-allocated 0 pages
[    0.436366] ACPI: Added _OSI(Module Device)
[    0.444030] ACPI: Added _OSI(Processor Device)
[    0.448018] ACPI: Added _OSI(3.0 _SCP Extensions)
[    0.451201] ACPI: Added _OSI(Processor Aggregator Device)
[    0.452062] ACPI: Added _OSI(Linux-Dell-Video)
[    0.456013] ACPI: Added _OSI(Linux-Lenovo-NV-HDMI-Audio)
[    0.460023] ACPI: Added _OSI(Linux-HPI-Hybrid-Graphics)
[    0.465050] ACPI: Executed 1 blocks of module-level executable AML code
[    0.484712] ACPI: Interpreter enabled
[    0.487214] ACPI: (supports S0 S5)
[    0.488019] ACPI: Using IOAPIC for interrupt routing
[    0.492861] PCI: Using host bridge windows from ACPI; if necessary, use "pci=nocrs" and report a bug
[    0.496576] ACPI: Enabled 2 GPEs in block 00 to 07
[    0.528858] ACPI: PCI Root Bridge [PCI0] (domain 0000 [bus 00-ff])
[    0.532041] acpi PNP0A03:00: _OSC: OS supports [ASPM ClockPM Segments MSI]
[    0.541219] acpi PNP0A03:00: _OSC: not requesting OS control; OS requires [ExtendedConfig ASPM ClockPM MSI]
[    0.544085] acpi PNP0A03:00: fail to add MMCONFIG information, can't access extended PCI configuration space under this bridge.
[    0.549511] PCI host bridge to bus 0000:00
[    0.552023] pci_bus 0000:00: root bus resource [io  0x0000-0x0cf7 window]
[    0.556025] pci_bus 0000:00: root bus resource [io  0x0d00-0xffff window]
[    0.560016] pci_bus 0000:00: root bus resource [mem 0x000a0000-0x000bffff window]
[    0.564289] pci_bus 0000:00: root bus resource [mem 0x40000000-0xfdffffff window]
[    0.568023] pci_bus 0000:00: root bus resource [bus 00-ff]
[    0.583810] pci 0000:00:01.1: legacy IDE quirk: reg 0x10: [io  0x01f0-0x01f7]
[    0.584018] pci 0000:00:01.1: legacy IDE quirk: reg 0x14: [io  0x03f6]
[    0.588013] pci 0000:00:01.1: legacy IDE quirk: reg 0x18: [io  0x0170-0x0177]
[    0.592022] pci 0000:00:01.1: legacy IDE quirk: reg 0x1c: [io  0x0376]
[    0.657728] pci 0000:00:07.0: quirk: [io  0x4000-0x403f] claimed by PIIX4 ACPI
[    0.660068] pci 0000:00:07.0: quirk: [io  0x4100-0x410f] claimed by PIIX4 SMB
[    0.688317] ACPI: PCI Interrupt Link [LNKA] (IRQs 5 9 10 *11)
[    0.696362] ACPI: PCI Interrupt Link [LNKB] (IRQs 5 9 *10 11)
[    0.700432] ACPI: PCI Interrupt Link [LNKC] (IRQs 5 *9 10 11)
[    0.704737] ACPI: PCI Interrupt Link [LNKD] (IRQs 5 9 10 *11)
[    0.709318] SCSI subsystem initialized
[    0.712387] pci 0000:00:02.0: vgaarb: setting as boot VGA device
[    0.716000] pci 0000:00:02.0: vgaarb: VGA device added: decodes=io+mem,owns=io+mem,locks=none
[    0.716023] pci 0000:00:02.0: vgaarb: bridge control possible
[    0.720008] vgaarb: loaded
[    0.724141] ACPI: bus type USB registered
[    0.728106] usbcore: registered new interface driver usbfs
[    0.732043] usbcore: registered new interface driver hub
[    0.735442] usbcore: registered new device driver usb
[    0.740496] EDAC MC: Ver: 3.0.0
[    0.745078] PCI: Using ACPI for IRQ routing
[    0.748941] NetLabel: Initializing
[    0.752009] NetLabel:  domain hash size = 128
[    0.756018] NetLabel:  protocols = UNLABELED CIPSOv4 CALIPSO
[    0.760104] NetLabel:  unlabeled traffic allowed by default
[    0.764421] clocksource: Switched to clocksource kvm-clock
[    0.844236] VFS: Disk quotas dquot_6.6.0
[    0.848833] VFS: Dquot-cache hash table entries: 512 (order 0, 4096 bytes)
[    0.856587] AppArmor: AppArmor Filesystem Enabled
[    0.861623] pnp: PnP ACPI init
[    0.867167] pnp: PnP ACPI: found 3 devices
[    0.880176] clocksource: acpi_pm: mask: 0xffffff max_cycles: 0xffffff, max_idle_ns: 2085701024 ns
[    0.888480] NET: Registered protocol family 2
[    0.894536] TCP established hash table entries: 8192 (order: 4, 65536 bytes)
[    0.899835] TCP bind hash table entries: 8192 (order: 5, 131072 bytes)
[    0.907575] TCP: Hash tables configured (established 8192 bind 8192)
[    0.912050] UDP hash table entries: 512 (order: 2, 16384 bytes)
[    0.916255] UDP-Lite hash table entries: 512 (order: 2, 16384 bytes)
[    0.925045] NET: Registered protocol family 1
[    0.929410] pci 0000:00:00.0: Limiting direct PCI/PCI transfers
[    0.935964] pci 0000:00:01.0: Activating ISA DMA hang workarounds
[    0.942872] pci 0000:00:02.0: Video device with shadowed ROM at [mem 0x000c0000-0x000dffff]
[    0.951688] Unpacking initramfs...
[    2.667829] Freeing initrd memory: 19520K
[    2.675245] clocksource: tsc: mask: 0xffffffffffffffff max_cycles: 0x1872ab846c0, max_idle_ns: 440795273396 ns
[    2.690045] platform rtc_cmos: registered platform RTC device (no PNP device found)
[    2.698514] Scanning for low memory corruption every 60 seconds
[    2.713045] Initialise system trusted keyrings
[    2.717190] Key type blacklist registered
[    2.725730] workingset: timestamp_bits=36 max_order=18 bucket_order=0
[    2.742529] zbud: loaded
[    2.750428] squashfs: version 4.0 (2009/01/31) Phillip Lougher
[    2.761230] fuse init (API version 7.26)
[    2.772857] Key type asymmetric registered
[    2.779229] Asymmetric key parser 'x509' registered
[    2.784847] Block layer SCSI generic (bsg) driver version 0.4 loaded (major 246)
[    2.798349] io scheduler noop registered
[    2.801626] io scheduler deadline registered
[    2.811765] io scheduler cfq registered (default)
[    2.817016] ACPI: AC Adapter [AC] (on-line)
[    2.824513] input: Power Button as /devices/LNXSYSTM:00/LNXPWRBN:00/input/input0
[    2.831227] ACPI: Power Button [PWRF]
[    2.835163] input: Sleep Button as /devices/LNXSYSTM:00/LNXSLPBN:00/input/input1
[    2.843033] ACPI: Sleep Button [SLPF]
[    2.848536] Serial: 8250/16550 driver, 32 ports, IRQ sharing enabled
[    2.859785] ACPI: Battery Slot [BAT0] (battery present)
[    2.889973] 00:02: ttyS0 at I/O 0x3f8 (irq = 4, base_baud = 115200) is a 16550A
[    2.906233] Linux agpgart interface v0.103
[    2.915828] loop: module loaded
[    2.924691] scsi host0: ata_piix
[    2.927974] scsi host1: ata_piix
[    2.931401] ata1: PATA max UDMA/33 cmd 0x1f0 ctl 0x3f6 bmdma 0xd000 irq 14
[    2.941422] ata2: PATA max UDMA/33 cmd 0x170 ctl 0x376 bmdma 0xd008 irq 15
[    2.950371] libphy: Fixed MDIO Bus: probed
[    2.955676] tun: Universal TUN/TAP device driver, 1.6
[    2.961098] PPP generic driver version 2.4.2
[    2.964241] ehci_hcd: USB 2.0 'Enhanced' Host Controller (EHCI) Driver
[    2.976876] ehci-pci: EHCI PCI platform driver
[    2.982382] ehci-platform: EHCI generic platform driver
[    2.992241] ohci_hcd: USB 1.1 'Open' Host Controller (OHCI) Driver
[    2.998797] ohci-pci: OHCI PCI platform driver
[    3.003938] ohci-platform: OHCI generic platform driver
[    3.010789] uhci_hcd: USB Universal Host Controller Interface driver
[    3.016326] i8042: PNP: PS/2 Controller [PNP0303:PS2K,PNP0f03:PS2M] at 0x60,0x64 irq 1,12
[    3.028104] serio: i8042 KBD port at 0x60,0x64 irq 1
[    3.033772] serio: i8042 AUX port at 0x60,0x64 irq 12
[    3.045114] mousedev: PS/2 mouse device common for all mice
[    3.051764] input: AT Translated Set 2 keyboard as /devices/platform/i8042/serio0/input/input2
[    3.062684] rtc_cmos rtc_cmos: rtc core: registered rtc_cmos as rtc0
[    3.071004] rtc_cmos rtc_cmos: alarms up to one day, 114 bytes nvram
[    3.079480] i2c /dev entries driver
[    3.082998] device-mapper: uevent: version 1.0.3
[    3.090535] device-mapper: ioctl: 4.37.0-ioctl (2017-09-20) initialised: dm-devel@redhat.com
[    3.097810] ledtrig-cpu: registered to indicate activity on CPUs
[    3.106478] NET: Registered protocol family 10
[    3.181129] Segment Routing with IPv6
[    3.184097] NET: Registered protocol family 17
[    3.195086] Key type dns_resolver registered
[    3.199613] mce: Using 0 MCE banks
[    3.203967] RAS: Correctable Errors collector initialized.
[    3.210351] sched_clock: Marking stable (3210219234, 0)->(4340406890, -1130187656)
[    3.218166] registered taskstats version 1
[    3.223603] Loading compiled-in X.509 certificates
[    3.242994] Loaded X.509 cert 'Build time autogenerated kernel key: 028139f94c642d40642d50ab098c4e7b0aebaa81'
[    3.257551] Loaded X.509 cert 'Canonical Ltd. Live Patch Signing: 14df34d1a87cf37625abec039ef2bf521249b969'
[    3.271240] Loaded X.509 cert 'Canonical Ltd. Kernel Module Signing: 88f752e560a1e0737e31163a466ad7b70a850c19'
[    3.281079] zswap: loaded using pool lzo/zbud
[    3.302588] Key type big_key registered
[    3.308264] Key type trusted registered
[    3.319944] Key type encrypted registered
[    3.328509] AppArmor: AppArmor sha1 policy hashing enabled
[    3.332929] ima: No TPM chip found, activating TPM-bypass! (rc=-19)
[    3.342109] ima: Allocated hash algorithm: sha1
[    3.346624] evm: HMAC attrs: 0x1
[    3.350807]   Magic number: 1:469:433
[    3.354878] rtc_cmos rtc_cmos: setting system clock to 2021-04-23 13:26:47 UTC (1619184407)
[    3.362160] BIOS EDD facility v0.16 2004-Jun-25, 0 devices found
[    3.366768] EDD information not available.
[    3.382153] Freeing unused kernel image memory: 2444K
[    3.392087] Write protecting the kernel read-only data: 20480k
[    3.398493] Freeing unused kernel image memory: 2008K
[    3.404597] Freeing unused kernel image memory: 1828K
[    3.448165] x86/mm: Checked W+X mappings: passed, no W+X pages found.
[    3.455804] x86/mm: Checking user space page tables
[    3.498583] x86/mm: Checked W+X mappings: passed, no W+X pages found.
Loading, please wait...
starting version 237
[    4.128928] e1000: Intel(R) PRO/1000 Network Driver - version 7.3.21-k8-NAPI
[    4.140939] e1000: Copyright (c) 1999-2006 Intel Corporation.
[    4.150901] Fusion MPT base driver 3.04.20
[    4.158354] Copyright (c) 1999-2008 LSI Corporation
[    4.338509] input: ImExPS/2 Generic Explorer Mouse as /devices/platform/i8042/serio1/input/input4
[    4.394992] Fusion MPT SPI Host driver 3.04.20
[    4.661476] AVX2 version of gcm_enc/dec engaged.
[    4.664552] AES CTR mode by8 optimization enabled
[    5.279100] e1000 0000:00:03.0 eth0: (PCI:33MHz:32-bit) 02:f3:7b:02:da:50
[    5.284579] e1000 0000:00:03.0 eth0: Intel(R) PRO/1000 Network Connection
[    5.300769] e1000 0000:00:03.0 enp0s3: renamed from eth0
[    5.306875] mptbase: ioc0: Initiating bringup
[    5.405307] ioc0: LSI53C1030 A0: Capabilities={Initiator}
[    5.649654] random: fast init done
[    5.657860] scsi host2: ioc0: LSI53C1030 A0, FwRev=00000000h, Ports=1, MaxQ=256, IRQ=20
[    5.667168] random: systemd-udevd: uninitialized urandom read (16 bytes read)
[    5.676844] random: systemd-udevd: uninitialized urandom read (16 bytes read)
[    5.682938] random: systemd-udevd: uninitialized urandom read (16 bytes read)
[    5.845338] scsi 2:0:0:0: Direct-Access     VBOX     HARDDISK         1.0  PQ: 0 ANSI: 5
[    5.858153] scsi target2:0:0: Beginning Domain Validation
[    5.870243] scsi target2:0:0: Domain Validation skipping write tests
[    5.878365] scsi target2:0:0: Ending Domain Validation
[    5.885094] scsi target2:0:0: asynchronous
[    5.893722] scsi 2:0:1:0: Direct-Access     VBOX     HARDDISK         1.0  PQ: 0 ANSI: 5
[    5.906441] scsi target2:0:1: Beginning Domain Validation
[    5.917376] scsi target2:0:1: Domain Validation skipping write tests
[    5.926364] scsi target2:0:1: Ending Domain Validation
[    5.931476] scsi target2:0:1: asynchronous
[    5.956688] sd 2:0:0:0: [sda] 83886080 512-byte logical blocks: (42.9 GB/40.0 GiB)
[    5.963010] sd 2:0:0:0: Attached scsi generic sg0 type 0
[    5.969167] sd 2:0:0:0: [sda] Write Protect is off
[    5.979501] sd 2:0:1:0: [sdb] 20480 512-byte logical blocks: (10.5 MB/10.0 MiB)
[    5.984912] sd 2:0:1:0: Attached scsi generic sg1 type 0
[    5.993003] sd 2:0:1:0: [sdb] Write Protect is off
[    6.003562] sd 2:0:0:0: [sda] Incomplete mode parameter data
[    6.012021] sd 2:0:0:0: [sda] Assuming drive cache: write through
[    6.024748] sd 2:0:1:0: [sdb] Incomplete mode parameter data
[    6.040733] sd 2:0:1:0: [sdb] Assuming drive cache: write through
[    6.084168]  sda: sda1
[    6.094210] sd 2:0:0:0: [sda] Attached SCSI disk
[    6.110630] sd 2:0:1:0: [sdb] Attached SCSI disk
Begin: Loading essential drivers ... [    9.256086] raid6: sse2x1   gen()  2043 MB/s
[    9.304355] raid6: sse2x1   xor()  1681 MB/s
[    9.352563] raid6: sse2x2   gen()  2898 MB/s
[    9.405717] raid6: sse2x2   xor()  1855 MB/s
[    9.456171] raid6: sse2x4   gen()  3963 MB/s
[    9.504219] raid6: sse2x4   xor()  2504 MB/s
[    9.556471] raid6: avx2x1   gen()  6067 MB/s
[    9.604090] raid6: avx2x1   xor()  4344 MB/s
[    9.652218] raid6: avx2x2   gen()  7258 MB/s
[    9.704430] raid6: avx2x2   xor()  4006 MB/s
[    9.752248] raid6: avx2x4   gen()  7951 MB/s
[    9.804634] raid6: avx2x4   xor()  3778 MB/s
[    9.812792] raid6: using algorithm avx2x4 gen() 7951 MB/s
[    9.817140] raid6: .... xor() 3778 MB/s, rmw enabled
[    9.823453] raid6: using avx2x2 recovery algorithm
[    9.834175] xor: automatically using best checksumming function   avx       
[    9.851139] async_tx: api initialized (async)
done.
Begin: Running /scripts/init-premount ... done.
Begin: Mounting root file system ... Begin: Running /scripts/local-top ... done.
Begin: Running /scripts/local-premount ... [   10.102705] Btrfs loaded, crc32c=crc32c-intel
Scanning for Btrfs filesystems
done.
Warning: fsck not present, so skipping root file system
[   10.287293] EXT4-fs (sda1): mounted filesystem with ordered data mode. Opts: (null)
done.
Begin: Running /scripts/local-bottom ... done.
Begin: Running /scripts/init-bottom ... done.
[   11.756506] ip_tables: (C) 2000-2006 Netfilter Core Team
[   11.915024] systemd[1]: systemd 237 running in system mode. (+PAM +AUDIT +SELINUX +IMA +APPARMOR +SMACK +SYSVINIT +UTMP +LIBCRYPTSETUP +GCRYPT +GNUTLS +ACL +XZ +LZ4 +SECCOMP +BLKID +ELFUTILS +KMOD -IDN2 +IDN -PCRE2 default-hierarchy=hybrid)
[   11.936722] systemd[1]: Detected virtualization oracle.
[   11.943903] systemd[1]: Detected architecture x86-64.
[   11.973332] random: crng init done
[   11.976490] random: 7 urandom warning(s) missed due to ratelimiting

Welcome to [1mUbuntu 18.04.5 LTS[0m!

[   11.998226] systemd[1]: Set hostname to <ubuntu>.
[   12.043010] systemd[1]: Initializing machine ID from random generator.
[   12.049493] systemd[1]: Installed transient /etc/machine-id file.
[   14.275137] systemd[1]: Reached target User and Group Name Lookups.
[[0;32m  OK  [0m] Reached target User and Group Name Lookups.
[   14.292385] systemd[1]: Created slice User and Session Slice.
[[0;32m  OK  [0m] Created slice User and Session Slice.
[   14.301773] systemd[1]: Started Forward Password Requests to Wall Directory Watch.
[[0;32m  OK  [0m] Started Forward Password Requests to Wall Directory Watch.
[   14.317659] systemd[1]: Reached target Swap.
[[0;32m  OK  [0m] Reached target Swap.
[[0;32m  OK  [0m] Set up automount Arbitrary Executab…rmats File System Automount Point.
[[0;32m  OK  [0m] Reached target System Time Synchronized.
[[0;32m  OK  [0m] Created slice System Slice.
[[0;32m  OK  [0m] Listening on udev Control Socket.
[[0;32m  OK  [0m] Listening on Network Service Netlink Socket.
[[0;32m  OK  [0m] Listening on Device-mapper event daemon FIFOs.
[[0;32m  OK  [0m] Listening on LVM2 metadata daemon socket.
[[0;32m  OK  [0m] Listening on Journal Socket.
         Mounting Huge Pages File System...
         Starting Monitoring of LVM2 mirrors…ng dmeventd or progress polling...
         Starting Set the console keyboard layout...
[[0;32m  OK  [0m] Listening on fsck to fsckd communication Socket.
[[0;32m  OK  [0m] Created slice system-serial\x2dgetty.slice.
         Starting File System Check on Root Device...
[[0;32m  OK  [0m] Listening on Journal Audit Socket.
[[0;32m  OK  [0m] Listening on LVM2 poll daemon socket.
[[0;32m  OK  [0m] Listening on Syslog Socket.
[[0;32m  OK  [0m] Reached target Slices.
[[0;32m  OK  [0m] Listening on udev Kernel Socket.
         Starting udev Coldplug all Devices...
         Mounting POSIX Message Queue File System...
         Mounting Kernel Debug File System...
[[0;32m  OK  [0m] Listening on /dev/initctl Compatibility Named Pipe.
         Starting Uncomplicated firewall...
         Starting Create list of required st…ce nodes for the current kernel...
         Starting Load Kernel Modules...
[[0;32m  OK  [0m] Listening on Journal Socket (/dev/log).
         Starting Journal Service...
[[0;32m  OK  [0m] Mounted Huge Pages File System.
[[0;32m  OK  [0m] Mounted POSIX Message Queue File System.
[[0;32m  OK  [0m] Mounted Kernel Debug File System.
[[0;32m  OK  [0m] Started Uncomplicated firewall.
[[0;32m  OK  [0m] Started Create list of required sta…vice nodes for the current kernel.
[[0;32m  OK  [0m] Started File System Check Daemon to report status.
[[0;32m  OK  [0m] Started LVM2 metadata daemon.
         Starting Create Static Device Nodes in /dev...
[   15.209775] Loading iSCSI transport class v2.0-870.
[[0;32m  OK  [0m] Started udev Coldplug all Devices.
[[0;32m  OK  [0m] Started File System Check on Root Device.
         Starting Remount Root and Kernel File Systems...
[   15.655557] iscsi: registered transport (tcp)
[[0;32m  OK  [0m] Started Monitoring of LVM2 mirrors,…sing dmeventd or progress polling.[   15.739907] EXT4-fs (sda1): re-mounted. Opts: (null)

[[0;32m  OK  [0m] Started Remount Root and Kernel File Systems.
         Starting Load/Save Random Seed...
[[0;32m  OK  [0m] Started Journal Service.
         Starting Flush Journal to Persistent Storage...
[[0;32m  OK  [0m] Started Create Static Device Nodes in /dev.
         Starting udev Kernel Device Manager...
[[0;32m  OK  [0m] Started Load/Save Random Seed.
[   16.047934] systemd-journald[413]: Received request to flush runtime journal from PID 1
[[0;32m  OK  [0m] Started Set the console keyboard layout.
[[0;32m  OK  [0m] Reached target Local File Systems (Pre).
[[0;32m  OK  [0m] Reached target Local File Systems.
         Starting Tell Plymouth To Write Out Runtime Data...
         Starting Set console font and keymap...
         Starting Commit a transient machine-id on disk...
         Starting AppArmor initialization...
         Starting ebtables ruleset management...
[[0;32m  OK  [0m] Started Tell Plymouth To Write Out Runtime Data.
[[0;32m  OK  [0m] Started udev Kernel Device Manager.
[[0;32m  OK  [0m] Started Dispatch Password Requests to Console Directory Watch.
[[0;32m  OK  [0m] Reached target Local Encrypted Volumes.
[[0;32m  OK  [0m] Started Set console font and keymap.
[[0;32m  OK  [0m] Started Flush Journal to Persistent Storage.
         Starting Create Volatile Files and Directories...
[[0;32m  OK  [0m] Started Commit a transient machine-id on disk.
[   16.630386] iscsi: registered transport (iser)
[[0;32m  OK  [0m] Started Load Kernel Modules.
         Mounting FUSE Control File System...
         Mounting Kernel Configuration File System...
         Starting Apply Kernel Variables...
[[0;32m  OK  [0m] Mounted FUSE Control File System.
[[0;32m  OK  [0m] Mounted Kernel Configuration File System.
[[0;32m  OK  [0m] Started Create Volatile Files and Directories.
         Starting Update UTMP about System Boot/Shutdown...
[[0;32m  OK  [0m] Started Apply Kernel Variables.
[[0;32m  OK  [0m] Started Update UTMP about System Boot/Shutdown.
[[0;32m  OK  [0m] Started ebtables ruleset management.
[[0;32m  OK  [0m] Found device /dev/ttyS0.
[[0;32m  OK  [0m] Listening on Load/Save RF Kill Switch Status /dev/rfkill Watch.
[[0;32m  OK  [0m] Started AppArmor initialization.
         Starting Load AppArmor profiles managed internally by snapd...
         Starting Initial cloud-init job (pre-networking)...
[[0;32m  OK  [0m] Started Load AppArmor profiles managed internally by snapd.
[   36.547920] cloud-init[567]: Cloud-init v. 21.1-19-gbad84ad4-0ubuntu1~18.04.1 running 'init-local' at Fri, 23 Apr 2021 13:27:18 +0000. Up 34.61 seconds.
[[0;32m  OK  [0m] Started Initial cloud-init job (pre-networking).
[[0;32m  OK  [0m] Reached target Network (Pre).
         Starting Network Service...
[[0;32m  OK  [0m] Started Network Service.
         Starting Network Name Resolution...
         Starting Wait for Network to be Configured...
[[0;32m  OK  [0m] Started Network Name Resolution.
[[0;32m  OK  [0m] Reached target Host and Network Name Lookups.
[[0;32m  OK  [0m] Reached target Network.
[[0;32m  OK  [0m] Started Wait for Network to be Configured.
         Starting Initial cloud-init job (metadata service crawler)...
[   42.858342] cloud-init[655]: Cloud-init v. 21.1-19-gbad84ad4-0ubuntu1~18.04.1 running 'init' at Fri, 23 Apr 2021 13:27:26 +0000. Up 42.08 seconds.
[   42.893728] cloud-init[655]: ci-info: ++++++++++++++++++++++++++++++++++++++Net device info++++++++++++++++++++++++++++++++++++++
[   42.911075] cloud-init[655]: ci-info: +--------+------+----------------------------+---------------+--------+-------------------+
[   42.931403] cloud-init[655]: ci-info: | Device |  Up  |          Address           |      Mask     | Scope  |     Hw-Address    |
[   42.951955] cloud-init[655]: ci-info: +--------+------+----------------------------+---------------+--------+-------------------+
[   42.980612] cloud-init[655]: ci-info: | enp0s3 | True |         10.0.2.15          | 255.255.255.0 | global | 02:f3:7b:02:da:50 |
[   43.000714] cloud-init[655]: ci-info: | enp0s3 | True | fe80::f3:7bff:fe02:da50/64 |       .       |  link  | 02:f3:7b:02:da:50 |
[   43.033528] cloud-init[655]: ci-info: |   lo   | True |         127.0.0.1          |   255.0.0.0   |  host  |         .         |
[   43.061744] cloud-init[655]: ci-info: |   lo   | True |          ::1/128           |       .       |  host  |         .         |
[   43.086136] cloud-init[655]: ci-info: +--------+------+----------------------------+---------------+--------+-------------------+
[   43.131368] cloud-init[655]: ci-info: ++++++++++++++++++++++++++++Route IPv4 info+++++++++++++++++++++++++++++
[   43.151745] cloud-init[655]: ci-info: +-------+-------------+----------+-----------------+-----------+-------+
[   43.173278] cloud-init[655]: ci-info: | Route | Destination | Gateway  |     Genmask     | Interface | Flags |
[   43.206973] cloud-init[655]: ci-info: +-------+-------------+----------+-----------------+-----------+-------+
[   43.216609] cloud-init[655]: ci-info: |   0   |   0.0.0.0   | 10.0.2.2 |     0.0.0.0     |   enp0s3  |   UG  |
[   43.235861] cloud-init[655]: ci-info: |   1   |   10.0.2.0  | 0.0.0.0  |  255.255.255.0  |   enp0s3  |   U   |
[   43.244231] cloud-init[655]: ci-info: |   2   |   10.0.2.2  | 0.0.0.0  | 255.255.255.255 |   enp0s3  |   UH  |
[   43.263752] cloud-init[655]: ci-info: +-------+-------------+----------+-----------------+-----------+-------+
[   43.275265] cloud-init[655]: ci-info: +++++++++++++++++++Route IPv6 info+++++++++++++++++++
[   43.284969] cloud-init[655]: ci-info: +-------+-------------+---------+-----------+-------+
[   43.300790] cloud-init[655]: ci-info: | Route | Destination | Gateway | Interface | Flags |
[   43.317272] cloud-init[655]: ci-info: +-------+-------------+---------+-----------+-------+
[   43.328558] cloud-init[655]: ci-info: |   1   |  fe80::/64  |    ::   |   enp0s3  |   U   |
[   43.342170] cloud-init[655]: ci-info: |   3   |    local    |    ::   |   enp0s3  |   U   |
[   43.350673] cloud-init[655]: ci-info: |   4   |   ff00::/8  |    ::   |   enp0s3  |   U   |
[   43.364331] cloud-init[655]: ci-info: +-------+-------------+---------+-----------+-------+
[   47.319297] cloud-init[655]: Generating public/private rsa key pair.
[   47.339237] cloud-init[655]: Your identification has been saved in /etc/ssh/ssh_host_rsa_key.
[   47.352377] cloud-init[655]: Your public key has been saved in /etc/ssh/ssh_host_rsa_key.pub.
[   47.368852] cloud-init[655]: The key fingerprint is:
[   47.376423] cloud-init[655]: SHA256:iEUaG25PeDAoya2bx27DO8rBvPOixPgbBHvx+0b/Ens root@ubuntu-bionic
[   47.384706] cloud-init[655]: The key's randomart image is:
[   47.392551] cloud-init[655]: +---[RSA 2048]----+
[   47.405076] cloud-init[655]: |....= .          |
[   47.408448] cloud-init[655]: |o..o X           |
[   47.420870] cloud-init[655]: |..o * +          |
[   47.429176] cloud-init[655]: | + + * .         |
[   47.432380] cloud-init[655]: |. * o o S        |
[   47.444543] cloud-init[655]: |== o .. .        |
[   47.457545] cloud-init[655]: |.*= .. . o       |
[   47.460110] cloud-init[655]: |o+oB .. + E      |
[   47.476483] cloud-init[655]: |o+O++..  +.      |
[   47.479007] cloud-init[655]: +----[SHA256]-----+
[   47.484657] cloud-init[655]: Generating public/private dsa key pair.
[   47.496524] cloud-init[655]: Your identification has been saved in /etc/ssh/ssh_host_dsa_key.
[   47.504716] cloud-init[655]: Your public key has been saved in /etc/ssh/ssh_host_dsa_key.pub.
[   47.512854] cloud-init[655]: The key fingerprint is:
[   47.524608] cloud-init[655]: SHA256:aU6tjrAjTjg1yg6kjrR/IUhdOGblp2HNOLX2ljQqYgk root@ubuntu-bionic
[   47.528477] cloud-init[655]: The key's randomart image is:
[   47.540802] cloud-init[655]: +---[DSA 1024]----+
[   47.543522] cloud-init[655]: |    o. .         |
[   47.549323] cloud-init[655]: |   =..= .        |
[   47.552363] cloud-init[655]: | E+ o* * o       |
[   47.560494] cloud-init[655]: | ...o * +oo      |
[   47.572657] cloud-init[655]: |..++ o .S+.      |
[   47.574588] cloud-init[655]: |+=.o...+..       |
[   47.580720] cloud-init[655]: |*o. o . o        |
[   47.592833] cloud-init[655]: |*oo .+ o         |
[   47.605866] cloud-init[655]: |.=ooo.. .        |
[   47.613398] cloud-init[655]: +----[SHA256]-----+
[   47.616506] cloud-init[655]: Generating public/private ecdsa key pair.
[   47.628826] cloud-init[655]: Your identification has been saved in /etc/ssh/ssh_host_ecdsa_key.
[   47.635697] cloud-init[655]: Your public key has been saved in /etc/ssh/ssh_host_ecdsa_key.pub.[[0;32m  OK  [0m] Started Initial cloud-init job (metadata service crawler).

[   47.650334] cloud-init[655]: The key fingerprint is:[[0;32m  OK  [0m
[   47.657637] cloud-init[655]: SHA256:1ZITlAegs1IJnO6mPkUuS1Wn5FXQxbPOXJHi2gruCeg root@ubuntu-bionic] Reached target Cloud-config availability.
[[0;32m  OK  [0m] Reached target Network is Online.

[   47.673208] cloud-init[655]: The key's randomart image is:
[[0;32m  OK  [0m] Reached target Remote File Systems (Pre).
[[0;32m  OK  [0m] Reached target Remote File Systems.
         Starting Availability of block devices...
[[0;32m  OK  [0m] Reached target System Initialization.
[[0;32m  OK  [0m] Listening on UUID daemon activation socket.
[[0;32m  OK  [0m] Listening on ACPID Listen Socket.
[   47.695196] cloud-init[655]: +---[ECDSA 256]---+
[   47.730849] cloud-init[655]: |   ...  o*==.  . |         Starting LXD - unix socket.
[[0;32m  OK  [0m] Listening on D-Bus System Message Bus Socket.

[   47.740804] cloud-init[655]: |    o.ooo o+= o  |[[0;32m  OK  [0m] Started ACPI Events Check.
[[0;32m  OK  [0m] Reached target Paths.
[[0;32m  OK  [0m] Started Daily Cleanup of Temporary Directories.
[   47.765977] cloud-init[655]: |   . +=+  =o.+ . |

[[0;32m  OK  [0m] Started Message of the Day.
[   47.768617] cloud-init[655]: |    +.oo . oo .  |
         Starting Socket activation for snappy daemon.
[[0;32m  OK  [0m] Listening on Open-iSCSI iscsid Socket.
[[0;32m  OK  [0m] Started Daily apt download activities.
[[   47.825317] cloud-init[655]: |   =. . S  * .   |
[0;32m  OK  [0m] Started Daily apt upgrade and clean activities.
[[0;32m  OK  [0m] Started Discard unused blocks once a week.
[   47.840863] cloud-init[655]: |  o =o  . . =    |
[[0;32m  OK  [0m] Reached target Timers.
[   47.859653] cloud-init[655]: | . *. .. . .     |
[   47.862186] cloud-init[655]: |  +.   ....      |
[[0;32m  OK  [0m] Started Availability of block devices.
[   47.875526] [[0;32m  OK  [0m] Listening on LXD - unix socket.
[[0;32m  OK  [0m] Listening on Socket activation for snappy daemon.
cloud-init[655]: | ...E  .o        |
[   47.887939] cloud-init[655]: +----[SHA256]-----+[[0;32m  OK  [0m] Reached target Sockets.

[[0;32m  OK  [0m] Reached target Basic System.
[   47.902311] cloud-init[655]: Generating public/private ed25519 key pair.
         Starting Pollinate to seed the pseudo random number generator...
[   47.916404] cloud-init[655]: Your identification has been saved in /etc/ssh/ssh_host_ed25519_key.
[   47.941007] cloud-init[655]: Your public key has been saved in /etc/ssh/ssh_host_ed25519_key.pub.[[0;32m  OK  [0m] Started Regular background program processing daemon.

[   47.950895] cloud-init[655]: The key fingerprint is:         Starting Login Service...
         Starting Virtualbox guest utils...

[[0;32m  OK  [0m] Started D-Bus System Message Bus.[   48.014478] cloud-init
[655]: SHA256:995eqVZUXHUjDqdmsorzBYAv9k8rL4FclMimUQ66zCA root@ubuntu-bionic
[   48.075401] cloud-init[655]: The key's randomart image is:
[   48.117310] cloud-init[655]: +--[ED25519 256]--+
[   48.145885] cloud-init[655]: | .o.. .    . o o*|
[   48.164773] cloud-init[655]: |..o+.o      = . =|
[   48.196810] cloud-init[655]: |E +o..   . + .  .|
[   48.233749] cloud-init[655]: |=o  ...   =    . |
[   48.277701] cloud-init[655]: |.o.oo. .S..   .  |
[   48.297954] cloud-init[655]: |  .oo.. o. .   ..|
[   48.333594] cloud-init[655]: |     +.o .  . ...|
[   48.358836] cloud-init[655]: |     o= o  . o.. |
[   48.381490] cloud-init[655]: |      +=    ooo  |
[   48.397086] cloud-init[655]: +----[SHA256]-----+
[[0;32m  OK  [0m] Started Login Service.
         Starting LXD - container startup/shutdown...
[[0;32m  OK  [0m] Started Deferred execution scheduler.
         Starting Dispatcher daemon for systemd-networkd...
         Starting Accounts Service...
         Starting Snap Daemon...
         Starting LSB: automatic crash report generation...
         Starting Permit User Sessions...
[[0;32m  OK  [0m] Started Unattended Upgrades Shutdown.
[[0;32m  OK  [0m] Started irqbalance daemon.
         Starting System Logging Service...
[[0;32m  OK  [0m] Started FUSE filesystem for LXC.
         Starting LSB: Record successful boot for GRUB...
[[0;32m  OK  [0m] Started Permit User Sessions.
         Starting Hold until boot process finishes up...
         Starting Terminate Plymouth Boot Screen...
[[0;32m  OK  [0m] Started Hold until boot process finishes up.
[[0;32m  OK  [0m] Started Serial Getty on ttyS0.
         Starting Set console scheme...
[[0;32m  OK  [0m] Started Terminate Plymouth Boot Screen.
[[0;32m  OK  [0m] Started LSB: automatic crash report generation.
[[0;32m  OK  [0m] Started Set console scheme.
[[0;32m  OK  [0m] Created slice system-getty.slice.
[[0;32m  OK  [0m] Started Getty on tty1.
[[0;32m  OK  [0m] Reached target Login Prompts.
         Starting Authorization Manager...
[[0;32m  OK  [0m] Started LSB: Record successful boot for GRUB.
[[0;32m  OK  [0m] Started Authorization Manager.
[[0;32m  OK  [0m] Started Accounts Service.
[[0;32m  OK  [0m] Started System Logging Service.
[[0;32m  OK  [0m] Started Virtualbox guest utils.
[[0;32m  OK  [0m] Started Dispatcher daemon for systemd-networkd.

Ubuntu 18.04.5 LTS ubuntu-bionic ttyS0

ubuntu-bionic login: [   70.493302] cloud-init[1002]: Cloud-init v. 21.1-19-gbad84ad4-0ubuntu1~18.04.1 running 'modules:config' at Fri, 23 Apr 2021 13:27:47 +0000. Up 63.08 seconds.
ci-info: no authorized SSH keys fingerprints found for user ubuntu.
<14>Apr 23 13:28:02 ec2: 
<14>Apr 23 13:28:02 ec2: #############################################################
<14>Apr 23 13:28:02 ec2: -----BEGIN SSH HOST KEY FINGERPRINTS-----
<14>Apr 23 13:28:02 ec2: 1024 SHA256:aU6tjrAjTjg1yg6kjrR/IUhdOGblp2HNOLX2ljQqYgk root@ubuntu-bionic (DSA)
<14>Apr 23 13:28:02 ec2: 256 SHA256:1ZITlAegs1IJnO6mPkUuS1Wn5FXQxbPOXJHi2gruCeg root@ubuntu-bionic (ECDSA)
<14>Apr 23 13:28:02 ec2: 256 SHA256:995eqVZUXHUjDqdmsorzBYAv9k8rL4FclMimUQ66zCA root@ubuntu-bionic (ED25519)
<14>Apr 23 13:28:02 ec2: 2048 SHA256:iEUaG25PeDAoya2bx27DO8rBvPOixPgbBHvx+0b/Ens root@ubuntu-bionic (RSA)
<14>Apr 23 13:28:02 ec2: -----END SSH HOST KEY FINGERPRINTS-----
<14>Apr 23 13:28:02 ec2: #############################################################
-----BEGIN SSH HOST KEY KEYS-----
ecdsa-sha2-nistp256 AAAAE2VjZHNhLXNoYTItbmlzdHAyNTYAAAAIbmlzdHAyNTYAAABBBAFdp1q7HAcm3XtdjKpeBSonDu1LfzDLSQm7i0pJIZJ61jAXAabyBBr9lbTl0YOH7iglcW/OpNJASgaUbZfakgc= root@ubuntu-bionic
ssh-ed25519 AAAAC3NzaC1lZDI1NTE5AAAAILAh9xk/JanymWUi2wQ/bhb7GO84xCizJpQ888fxA37x root@ubuntu-bionic
ssh-rsa AAAAB3NzaC1yc2EAAAADAQABAAABAQDb7NNa65XkQtaZCqjeEwutlLXSAZpUfGX4T0GUFUGrvAQj+1JzJu3ivlFRalLvdeGz2/1MdPgHCVx2qxp5pHoydXRBTjicOqJcnzc1yp2Lsm18i9t9gwgAAmHcGfD34kEM1HjzVe1trqThekFqlg3RhbqCglSKqRl5fSoWbbxrWZQyTLhfgTfAIYhHZG5pUya+hT9S1wUjNRwhz/TqcotlFDiXI8ZO67QkmkHFYXm8OROe2NN5dHUX9FJYTjurCPAJqxcJJwZWYpWse+9P91rw8+dsLquZVct0ha9Fl13TCu2xe1S5W3X90Odjf3ijbbBCx3bQXAumkCag0z3Vike1 root@ubuntu-bionic
-----END SSH HOST KEY KEYS-----
[   78.389621] cloud-init[1209]: Cloud-init v. 21.1-19-gbad84ad4-0ubuntu1~18.04.1 running 'modules:final' at Fri, 23 Apr 2021 13:28:00 +0000. Up 76.48 seconds.
[   78.413044] cloud-init[1209]: ci-info: no authorized SSH keys fingerprints found for user ubuntu.
[   78.428083] cloud-init[1209]: Cloud-init v. 21.1-19-gbad84ad4-0ubuntu1~18.04.1 finished at Fri, 23 Apr 2021 13:28:02 +0000. Datasource DataSourceNoCloud [seed=/dev/sdb][dsmode=net].  Up 78.32 seconds
